<?xml version="1.0" encoding="UTF-8"?>
<!-- Generated by org.testng.reporters.JUnitReportReporter -->
<testsuite hostname="nor-atuls-lt" failures="0" tests="6" name="com.trax.testCases.TC_convertJobAndPurchaseOrdersTest" time="0.552" errors="1" timestamp="2021-08-06T11:40:17 EDT" skipped="5">
  <testcase classname="com.trax.testCases.TC_convertJobAndPurchaseOrdersTest" name="setup" time="0.552">
    <error message="unknown error: cannot find Chrome binary
Build info: version: &#039;3.14.0&#039;, revision: &#039;aacccce0&#039;, time: &#039;2018-08-02T20:19:58.91Z&#039;
System info: host: &#039;NOR-ATULS-LT&#039;, ip: &#039;172.16.65.135&#039;, os.name: &#039;Windows 10&#039;, os.arch: &#039;amd64&#039;, os.version: &#039;10.0&#039;, java.version: &#039;11.0.6&#039;
Driver info: driver.version: ChromeDriver
remote stacktrace: Backtrace:
	Ordinal0 [0x0027A113+1548563]
	Ordinal0 [0x001FDDA1+1039777]
	Ordinal0 [0x0017E485+517253]
	Ordinal0 [0x0010C0F1+49393]
	Ordinal0 [0x0012B797+178071]
	Ordinal0 [0x0012B59D+177565]
	Ordinal0 [0x001295FB+169467]
	Ordinal0 [0x0011160A+71178]
	Ordinal0 [0x00112690+75408]
	Ordinal0 [0x00112629+75305]
	Ordinal0 [0x002171B7+1143223]
	GetHandleVerifier [0x00312B46+507814]
	GetHandleVerifier [0x00312864+507076]
	GetHandleVerifier [0x00319F47+537511]
	GetHandleVerifier [0x00313402+510050]
	Ordinal0 [0x0020F29C+1110684]
	Ordinal0 [0x0021938B+1151883]
	Ordinal0 [0x002194F3+1152243]
	Ordinal0 [0x002183F5+1147893]
	BaseThreadInitThunk [0x763EFA29+25]
	RtlGetAppContainerNamedObjectPath [0x77277A7E+286]
	RtlGetAppContainerNamedObjectPath [0x77277A4E+238]
" type="org.openqa.selenium.WebDriverException">
      <![CDATA[org.openqa.selenium.WebDriverException: unknown error: cannot find Chrome binary
Build info: version: '3.14.0', revision: 'aacccce0', time: '2018-08-02T20:19:58.91Z'
System info: host: 'NOR-ATULS-LT', ip: '172.16.65.135', os.name: 'Windows 10', os.arch: 'amd64', os.version: '10.0', java.version: '11.0.6'
Driver info: driver.version: ChromeDriver
remote stacktrace: Backtrace:
Ordinal0 [0x0027A113+1548563]
Ordinal0 [0x001FDDA1+1039777]
Ordinal0 [0x0017E485+517253]
Ordinal0 [0x0010C0F1+49393]
Ordinal0 [0x0012B797+178071]
Ordinal0 [0x0012B59D+177565]
Ordinal0 [0x001295FB+169467]
Ordinal0 [0x0011160A+71178]
Ordinal0 [0x00112690+75408]
Ordinal0 [0x00112629+75305]
Ordinal0 [0x002171B7+1143223]
GetHandleVerifier [0x00312B46+507814]
GetHandleVerifier [0x00312864+507076]
GetHandleVerifier [0x00319F47+537511]
GetHandleVerifier [0x00313402+510050]
Ordinal0 [0x0020F29C+1110684]
Ordinal0 [0x0021938B+1151883]
Ordinal0 [0x002194F3+1152243]
Ordinal0 [0x002183F5+1147893]
BaseThreadInitThunk [0x763EFA29+25]
RtlGetAppContainerNamedObjectPath [0x77277A7E+286]
RtlGetAppContainerNamedObjectPath [0x77277A4E+238]

at java.base/jdk.internal.reflect.NativeConstructorAccessorImpl.newInstance0(Native Method)
at java.base/jdk.internal.reflect.NativeConstructorAccessorImpl.newInstance(NativeConstructorAccessorImpl.java:62)
at java.base/jdk.internal.reflect.DelegatingConstructorAccessorImpl.newInstance(DelegatingConstructorAccessorImpl.java:45)
at java.base/java.lang.reflect.Constructor.newInstance(Constructor.java:490)
at org.openqa.selenium.remote.W3CHandshakeResponse.lambda$new$0(W3CHandshakeResponse.java:57)
at org.openqa.selenium.remote.W3CHandshakeResponse.lambda$getResponseFunction$2(W3CHandshakeResponse.java:104)
at org.openqa.selenium.remote.ProtocolHandshake.lambda$createSession$0(ProtocolHandshake.java:122)
at java.base/java.util.stream.ReferencePipeline$3$1.accept(ReferencePipeline.java:195)
at java.base/java.util.Spliterators$ArraySpliterator.tryAdvance(Spliterators.java:958)
at java.base/java.util.stream.ReferencePipeline.forEachWithCancel(ReferencePipeline.java:127)
at java.base/java.util.stream.AbstractPipeline.copyIntoWithCancel(AbstractPipeline.java:502)
at java.base/java.util.stream.AbstractPipeline.copyInto(AbstractPipeline.java:488)
at java.base/java.util.stream.AbstractPipeline.wrapAndCopyInto(AbstractPipeline.java:474)
at java.base/java.util.stream.FindOps$FindOp.evaluateSequential(FindOps.java:150)
at java.base/java.util.stream.AbstractPipeline.evaluate(AbstractPipeline.java:234)
at java.base/java.util.stream.ReferencePipeline.findFirst(ReferencePipeline.java:543)
at org.openqa.selenium.remote.ProtocolHandshake.createSession(ProtocolHandshake.java:125)
at org.openqa.selenium.remote.ProtocolHandshake.createSession(ProtocolHandshake.java:73)
at org.openqa.selenium.remote.HttpCommandExecutor.execute(HttpCommandExecutor.java:136)
at org.openqa.selenium.remote.service.DriverCommandExecutor.execute(DriverCommandExecutor.java:83)
at org.openqa.selenium.remote.RemoteWebDriver.execute(RemoteWebDriver.java:548)
at org.openqa.selenium.remote.RemoteWebDriver.startSession(RemoteWebDriver.java:212)
at org.openqa.selenium.remote.RemoteWebDriver.<init>(RemoteWebDriver.java:130)
at org.openqa.selenium.chrome.ChromeDriver.<init>(ChromeDriver.java:181)
at org.openqa.selenium.chrome.ChromeDriver.<init>(ChromeDriver.java:168)
at org.openqa.selenium.chrome.ChromeDriver.<init>(ChromeDriver.java:157)
at com.trax.pageObjects.BaseClass.setup(BaseClass.java:96)
at java.base/jdk.internal.reflect.NativeMethodAccessorImpl.invoke0(Native Method)
at java.base/jdk.internal.reflect.NativeMethodAccessorImpl.invoke(NativeMethodAccessorImpl.java:62)
at java.base/jdk.internal.reflect.DelegatingMethodAccessorImpl.invoke(DelegatingMethodAccessorImpl.java:43)
at java.base/java.lang.reflect.Method.invoke(Method.java:566)
at org.testng.internal.MethodInvocationHelper.invokeMethod(MethodInvocationHelper.java:134)
at org.testng.internal.MethodInvocationHelper.invokeMethodConsideringTimeout(MethodInvocationHelper.java:63)
at org.testng.internal.ConfigInvoker.invokeConfigurationMethod(ConfigInvoker.java:348)
at org.testng.internal.ConfigInvoker.invokeConfigurations(ConfigInvoker.java:302)
at org.testng.internal.TestMethodWorker.invokeBeforeClassMethods(TestMethodWorker.java:176)
at org.testng.internal.TestMethodWorker.run(TestMethodWorker.java:122)
at java.base/java.util.ArrayList.forEach(ArrayList.java:1540)
at org.testng.TestRunner.privateRun(TestRunner.java:766)
at org.testng.TestRunner.run(TestRunner.java:587)
at org.testng.SuiteRunner.runTest(SuiteRunner.java:384)
at org.testng.SuiteRunner.runSequentially(SuiteRunner.java:378)
at org.testng.SuiteRunner.privateRun(SuiteRunner.java:337)
at org.testng.SuiteRunner.run(SuiteRunner.java:286)
at org.testng.SuiteRunnerWorker.runSuite(SuiteRunnerWorker.java:53)
at org.testng.SuiteRunnerWorker.run(SuiteRunnerWorker.java:96)
at org.testng.TestNG.runSuitesSequentially(TestNG.java:1187)
at org.testng.TestNG.runSuitesLocally(TestNG.java:1109)
at org.testng.TestNG.runSuites(TestNG.java:1039)
at org.testng.TestNG.run(TestNG.java:1007)
at org.testng.remote.AbstractRemoteTestNG.run(AbstractRemoteTestNG.java:115)
at org.testng.remote.RemoteTestNG.initAndRun(RemoteTestNG.java:251)
at org.testng.remote.RemoteTestNG.main(RemoteTestNG.java:77)
]]>
    </error>
  </testcase> <!-- setup -->
  <system-out/>
  <testcase classname="com.trax.testCases.TC_convertJobAndPurchaseOrdersTest" name="convertJobAndPurchaseOrdersTest" time="0.000">
    <skipped/>
  </testcase> <!-- convertJobAndPurchaseOrdersTest -->
  <system-out/>
  <testcase classname="com.trax.testCases.TC_convertJobAndPurchaseOrdersTest" name="addJobTest" time="0.000">
    <skipped/>
  </testcase> <!-- addJobTest -->
  <system-out/>
  <testcase classname="com.trax.testCases.TC_convertJobAndPurchaseOrdersTest" name="convertJobTest" time="0.000">
    <skipped/>
  </testcase> <!-- convertJobTest -->
  <system-out/>
  <testcase classname="com.trax.testCases.TC_convertJobAndPurchaseOrdersTest" name="addAndPopulateJobTest" time="0.000">
    <skipped/>
  </testcase> <!-- addAndPopulateJobTest -->
  <system-out/>
  <testcase classname="com.trax.testCases.TC_convertJobAndPurchaseOrdersTest" name="convertJobAndSubmittalTest" time="0.000">
    <skipped/>
  </testcase> <!-- convertJobAndSubmittalTest -->
  <system-out/>
</testsuite> <!-- com.trax.testCases.TC_convertJobAndPurchaseOrdersTest -->
