<?xml version="1.0" encoding="UTF-8"?>
<!-- Generated by org.testng.reporters.JUnitXMLReporter -->
<testsuite ignored="0" hostname="nor-pljen-t01.hteng.com" failures="0" tests="14" name="trax Test" time="0.675" errors="0" timestamp="2021-08-06T11:10:22 EDT">
  <testcase classname="com.trax.pageObjects.BaseClass" name="@BeforeClass setup" time="0.195">
    <failure type="java.lang.RuntimeException" message="Unable to find a free port">
      <![CDATA[java.lang.RuntimeException: Unable to find a free port
at org.openqa.selenium.net.PortProber.findFreePort(PortProber.java:67)
at org.openqa.selenium.remote.service.DriverService$Builder.build(DriverService.java:342)
at org.openqa.selenium.chrome.ChromeDriverService.createDefaultService(ChromeDriverService.java:91)
at org.openqa.selenium.chrome.ChromeDriver.<init>(ChromeDriver.java:157)
at com.trax.pageObjects.BaseClass.setup(BaseClass.java:145)
at java.base/java.util.ArrayList.forEach(ArrayList.java:1541)
... Removed 29 stack frames]]>
    </failure>
  </testcase> <!-- @BeforeClass setup -->
  <testcase classname="com.trax.pageObjects.BaseClass" name="@AfterClass tearDown" time="-1.628262622697E9">
    <skipped/>
  </testcase> <!-- @AfterClass tearDown -->
  <testcase classname="com.trax.pageObjects.BaseClass" name="@BeforeClass setup" time="0.005">
    <failure type="java.lang.RuntimeException" message="Unable to find a free port">
      <![CDATA[java.lang.RuntimeException: Unable to find a free port
at org.openqa.selenium.net.PortProber.findFreePort(PortProber.java:67)
at org.openqa.selenium.remote.service.DriverService$Builder.build(DriverService.java:342)
at org.openqa.selenium.chrome.ChromeDriverService.createDefaultService(ChromeDriverService.java:91)
at org.openqa.selenium.chrome.ChromeDriver.<init>(ChromeDriver.java:157)
at com.trax.pageObjects.BaseClass.setup(BaseClass.java:145)
at java.base/java.util.ArrayList.forEach(ArrayList.java:1541)
... Removed 29 stack frames]]>
    </failure>
  </testcase> <!-- @BeforeClass setup -->
  <testcase classname="com.trax.pageObjects.BaseClass" name="@AfterClass tearDown" time="-1.628262622708E9">
    <skipped/>
  </testcase> <!-- @AfterClass tearDown -->
  <testcase classname="com.trax.pageObjects.BaseClass" name="@BeforeClass setup" time="0.004">
    <failure type="java.lang.RuntimeException" message="Unable to find a free port">
      <![CDATA[java.lang.RuntimeException: Unable to find a free port
at org.openqa.selenium.net.PortProber.findFreePort(PortProber.java:67)
at org.openqa.selenium.remote.service.DriverService$Builder.build(DriverService.java:342)
at org.openqa.selenium.chrome.ChromeDriverService.createDefaultService(ChromeDriverService.java:91)
at org.openqa.selenium.chrome.ChromeDriver.<init>(ChromeDriver.java:157)
at com.trax.pageObjects.BaseClass.setup(BaseClass.java:145)
at java.base/java.util.ArrayList.forEach(ArrayList.java:1541)
... Removed 29 stack frames]]>
    </failure>
  </testcase> <!-- @BeforeClass setup -->
  <testcase classname="com.trax.pageObjects.BaseClass" name="@AfterClass tearDown" time="-1.628262622715E9">
    <skipped/>
  </testcase> <!-- @AfterClass tearDown -->
  <testcase classname="com.trax.pageObjects.BaseClass" name="@BeforeClass setup" time="0.003">
    <failure type="java.lang.RuntimeException" message="Unable to find a free port">
      <![CDATA[java.lang.RuntimeException: Unable to find a free port
at org.openqa.selenium.net.PortProber.findFreePort(PortProber.java:67)
at org.openqa.selenium.remote.service.DriverService$Builder.build(DriverService.java:342)
at org.openqa.selenium.chrome.ChromeDriverService.createDefaultService(ChromeDriverService.java:91)
at org.openqa.selenium.chrome.ChromeDriver.<init>(ChromeDriver.java:157)
at com.trax.pageObjects.BaseClass.setup(BaseClass.java:145)
at java.base/java.util.ArrayList.forEach(ArrayList.java:1541)
... Removed 29 stack frames]]>
    </failure>
  </testcase> <!-- @BeforeClass setup -->
  <testcase classname="com.trax.pageObjects.BaseClass" name="@AfterClass tearDown" time="-1.628262622722E9">
    <skipped/>
  </testcase> <!-- @AfterClass tearDown -->
  <testcase classname="com.trax.pageObjects.BaseClass" name="@BeforeClass setup" time="0.003">
    <failure type="java.lang.RuntimeException" message="Unable to find a free port">
      <![CDATA[java.lang.RuntimeException: Unable to find a free port
at org.openqa.selenium.net.PortProber.findFreePort(PortProber.java:67)
at org.openqa.selenium.remote.service.DriverService$Builder.build(DriverService.java:342)
at org.openqa.selenium.chrome.ChromeDriverService.createDefaultService(ChromeDriverService.java:91)
at org.openqa.selenium.chrome.ChromeDriver.<init>(ChromeDriver.java:157)
at com.trax.pageObjects.BaseClass.setup(BaseClass.java:145)
at java.base/java.util.ArrayList.forEach(ArrayList.java:1541)
... Removed 29 stack frames]]>
    </failure>
  </testcase> <!-- @BeforeClass setup -->
  <testcase classname="com.trax.pageObjects.BaseClass" name="@AfterClass tearDown" time="-1.628262622729E9">
    <skipped/>
  </testcase> <!-- @AfterClass tearDown -->
  <testcase classname="com.trax.pageObjects.BaseClass" name="@BeforeClass setup" time="0.003">
    <failure type="java.lang.RuntimeException" message="Unable to find a free port">
      <![CDATA[java.lang.RuntimeException: Unable to find a free port
at org.openqa.selenium.net.PortProber.findFreePort(PortProber.java:67)
at org.openqa.selenium.remote.service.DriverService$Builder.build(DriverService.java:342)
at org.openqa.selenium.chrome.ChromeDriverService.createDefaultService(ChromeDriverService.java:91)
at org.openqa.selenium.chrome.ChromeDriver.<init>(ChromeDriver.java:157)
at com.trax.pageObjects.BaseClass.setup(BaseClass.java:145)
at java.base/java.util.ArrayList.forEach(ArrayList.java:1541)
... Removed 29 stack frames]]>
    </failure>
  </testcase> <!-- @BeforeClass setup -->
  <testcase classname="com.trax.pageObjects.BaseClass" name="@AfterClass tearDown" time="-1.628262622736E9">
    <skipped/>
  </testcase> <!-- @AfterClass tearDown -->
  <testcase classname="com.trax.pageObjects.BaseClass" name="@BeforeClass setup" time="0.012">
    <failure type="java.lang.RuntimeException" message="Unable to find a free port">
      <![CDATA[java.lang.RuntimeException: Unable to find a free port
at org.openqa.selenium.net.PortProber.findFreePort(PortProber.java:67)
at org.openqa.selenium.remote.service.DriverService$Builder.build(DriverService.java:342)
at org.openqa.selenium.chrome.ChromeDriverService.createDefaultService(ChromeDriverService.java:91)
at org.openqa.selenium.chrome.ChromeDriver.<init>(ChromeDriver.java:157)
at com.trax.pageObjects.BaseClass.setup(BaseClass.java:145)
at java.base/java.util.ArrayList.forEach(ArrayList.java:1541)
... Removed 29 stack frames]]>
    </failure>
  </testcase> <!-- @BeforeClass setup -->
  <testcase classname="com.trax.pageObjects.BaseClass" name="@AfterClass tearDown" time="-1.628262622753E9">
    <skipped/>
  </testcase> <!-- @AfterClass tearDown -->
  <testcase classname="com.trax.pageObjects.BaseClass" name="@BeforeClass setup" time="0.006">
    <failure type="java.lang.RuntimeException" message="Unable to find a free port">
      <![CDATA[java.lang.RuntimeException: Unable to find a free port
at org.openqa.selenium.net.PortProber.findFreePort(PortProber.java:67)
at org.openqa.selenium.remote.service.DriverService$Builder.build(DriverService.java:342)
at org.openqa.selenium.chrome.ChromeDriverService.createDefaultService(ChromeDriverService.java:91)
at org.openqa.selenium.chrome.ChromeDriver.<init>(ChromeDriver.java:157)
at com.trax.pageObjects.BaseClass.setup(BaseClass.java:145)
at java.base/java.util.ArrayList.forEach(ArrayList.java:1541)
... Removed 29 stack frames]]>
    </failure>
  </testcase> <!-- @BeforeClass setup -->
  <testcase classname="com.trax.pageObjects.BaseClass" name="@AfterClass tearDown" time="-1.628262622766E9">
    <skipped/>
  </testcase> <!-- @AfterClass tearDown -->
  <testcase classname="com.trax.pageObjects.BaseClass" name="@BeforeClass setup" time="0.003">
    <failure type="java.lang.RuntimeException" message="Unable to find a free port">
      <![CDATA[java.lang.RuntimeException: Unable to find a free port
at org.openqa.selenium.net.PortProber.findFreePort(PortProber.java:67)
at org.openqa.selenium.remote.service.DriverService$Builder.build(DriverService.java:342)
at org.openqa.selenium.chrome.ChromeDriverService.createDefaultService(ChromeDriverService.java:91)
at org.openqa.selenium.chrome.ChromeDriver.<init>(ChromeDriver.java:157)
at com.trax.pageObjects.BaseClass.setup(BaseClass.java:145)
at java.base/java.util.ArrayList.forEach(ArrayList.java:1541)
... Removed 29 stack frames]]>
    </failure>
  </testcase> <!-- @BeforeClass setup -->
  <testcase classname="com.trax.pageObjects.BaseClass" name="@AfterClass tearDown" time="-1.628262622785E9">
    <skipped/>
  </testcase> <!-- @AfterClass tearDown -->
  <testcase classname="com.trax.testCases.TC_createPurchaseOrderTest" name="createPurchaseOrderTest" time="0.0">
    <skipped/>
  </testcase> <!-- createPurchaseOrderTest -->
  <testcase classname="com.trax.testCases.TC_salesQuoteByPartsIDTest" name="salesQuoteByPartsIDTest" time="0.0">
    <skipped/>
  </testcase> <!-- salesQuoteByPartsIDTest -->
  <testcase classname="com.trax.testCases.TC_salesQuoteBySearchTagsTest" name="salesQuoteBySearchTagsTest" time="0.0">
    <skipped/>
  </testcase> <!-- salesQuoteBySearchTagsTest -->
  <testcase classname="com.trax.testCases.TC_createSalesOrderwithFullInventory" name="createSalesOrderwithFullInventory" time="0.0">
    <skipped/>
  </testcase> <!-- createSalesOrderwithFullInventory -->
  <testcase classname="com.trax.testCases.TC_createSalesOrderwithPartialInventory" name="createSalesOrderwithPartialInventory" time="0.0">
    <skipped/>
  </testcase> <!-- createSalesOrderwithPartialInventory -->
  <testcase classname="com.trax.testCases.TC_createSalesOrderwithZeroInventory" name="createSalesOrderwithZeroInventory" time="0.0">
    <skipped/>
  </testcase> <!-- createSalesOrderwithZeroInventory -->
  <testcase classname="com.trax.testCases.TC_addSupplierTest" name="addSupplierTest" time="0.0">
    <skipped/>
  </testcase> <!-- addSupplierTest -->
  <testcase classname="com.trax.testCases.TC_addMfrTest" name="addMfrTest" time="0.0">
    <skipped/>
  </testcase> <!-- addMfrTest -->
  <testcase classname="com.trax.testCases.TC_addProdToMfrTest" name="addProdToMfrTest" time="0.0">
    <skipped/>
  </testcase> <!-- addProdToMfrTest -->
  <testcase classname="com.trax.testCases.TC_addJobTest" name="addJobTest" time="0.0">
    <skipped/>
  </testcase> <!-- addJobTest -->
  <testcase classname="com.trax.testCases.TC_addAndPopulateJobTest" name="addAndPopulateJobTest" time="0.0">
    <skipped/>
  </testcase> <!-- addAndPopulateJobTest -->
  <testcase classname="com.trax.testCases.TC_convertJobTest" name="convertJobTest" time="0.0">
    <skipped/>
  </testcase> <!-- convertJobTest -->
  <testcase classname="com.trax.testCases.TC_convertJobAndSubmittalTest" name="convertJobAndSubmittalTest" time="0.0">
    <skipped/>
  </testcase> <!-- convertJobAndSubmittalTest -->
  <testcase classname="com.trax.testCases.TC_convertJobAndPurchaseOrdersTest" name="convertJobAndPurchaseOrdersTest" time="0.0">
    <skipped/>
  </testcase> <!-- convertJobAndPurchaseOrdersTest -->
</testsuite> <!-- trax Test -->
