<?xml version="1.0" encoding="UTF-8"?>
<!-- Generated by org.testng.reporters.JUnitReportReporter -->
<testsuite hostname="nor-pljen-t01.hteng.com" failures="0" tests="6" name="com.trax.testCases.TC_convertJobAndPurchaseOrdersTest" time="0.003" errors="1" timestamp="2021-08-06T11:10:23 EDT" skipped="5">
  <testcase classname="com.trax.testCases.TC_convertJobAndPurchaseOrdersTest" name="convertJobAndPurchaseOrdersTest" time="0.000">
    <skipped/>
  </testcase> <!-- convertJobAndPurchaseOrdersTest -->
  <system-out/>
  <testcase classname="com.trax.testCases.TC_convertJobAndPurchaseOrdersTest" name="convertJobAndSubmittalTest" time="0.000">
    <skipped/>
  </testcase> <!-- convertJobAndSubmittalTest -->
  <system-out/>
  <testcase classname="com.trax.testCases.TC_convertJobAndPurchaseOrdersTest" name="setup" time="0.003">
    <error message="Unable to find a free port" type="java.lang.RuntimeException">
      <![CDATA[java.lang.RuntimeException: Unable to find a free port
at org.openqa.selenium.net.PortProber.findFreePort(PortProber.java:67)
at org.openqa.selenium.remote.service.DriverService$Builder.build(DriverService.java:342)
at org.openqa.selenium.chrome.ChromeDriverService.createDefaultService(ChromeDriverService.java:91)
at org.openqa.selenium.chrome.ChromeDriver.<init>(ChromeDriver.java:157)
at com.trax.pageObjects.BaseClass.setup(BaseClass.java:145)
at java.base/jdk.internal.reflect.NativeMethodAccessorImpl.invoke0(Native Method)
at java.base/jdk.internal.reflect.NativeMethodAccessorImpl.invoke(NativeMethodAccessorImpl.java:62)
at java.base/jdk.internal.reflect.DelegatingMethodAccessorImpl.invoke(DelegatingMethodAccessorImpl.java:43)
at java.base/java.lang.reflect.Method.invoke(Method.java:566)
at org.testng.internal.MethodInvocationHelper.invokeMethod(MethodInvocationHelper.java:134)
at org.testng.internal.MethodInvocationHelper.invokeMethodConsideringTimeout(MethodInvocationHelper.java:63)
at org.testng.internal.ConfigInvoker.invokeConfigurationMethod(ConfigInvoker.java:348)
at org.testng.internal.ConfigInvoker.invokeConfigurations(ConfigInvoker.java:302)
at org.testng.internal.TestMethodWorker.invokeBeforeClassMethods(TestMethodWorker.java:176)
at org.testng.internal.TestMethodWorker.run(TestMethodWorker.java:122)
at java.base/java.util.ArrayList.forEach(ArrayList.java:1541)
at org.testng.TestRunner.privateRun(TestRunner.java:766)
at org.testng.TestRunner.run(TestRunner.java:587)
at org.testng.SuiteRunner.runTest(SuiteRunner.java:384)
at org.testng.SuiteRunner.runSequentially(SuiteRunner.java:378)
at org.testng.SuiteRunner.privateRun(SuiteRunner.java:337)
at org.testng.SuiteRunner.run(SuiteRunner.java:286)
at org.testng.SuiteRunnerWorker.runSuite(SuiteRunnerWorker.java:53)
at org.testng.SuiteRunnerWorker.run(SuiteRunnerWorker.java:96)
at org.testng.TestNG.runSuitesSequentially(TestNG.java:1187)
at org.testng.TestNG.runSuitesLocally(TestNG.java:1109)
at org.testng.TestNG.runSuites(TestNG.java:1039)
at org.testng.TestNG.run(TestNG.java:1007)
at org.apache.maven.surefire.testng.TestNGExecutor.run(TestNGExecutor.java:283)
at org.apache.maven.surefire.testng.TestNGXmlTestSuite.execute(TestNGXmlTestSuite.java:75)
at org.apache.maven.surefire.testng.TestNGProvider.invoke(TestNGProvider.java:120)
at org.apache.maven.surefire.booter.ForkedBooter.invokeProviderInSameClassLoader(ForkedBooter.java:384)
at org.apache.maven.surefire.booter.ForkedBooter.runSuitesInProcess(ForkedBooter.java:345)
at org.apache.maven.surefire.booter.ForkedBooter.execute(ForkedBooter.java:126)
at org.apache.maven.surefire.booter.ForkedBooter.main(ForkedBooter.java:418)
]]>
    </error>
  </testcase> <!-- setup -->
  <system-out/>
  <testcase classname="com.trax.testCases.TC_convertJobAndPurchaseOrdersTest" name="convertJobTest" time="0.000">
    <skipped/>
  </testcase> <!-- convertJobTest -->
  <system-out/>
  <testcase classname="com.trax.testCases.TC_convertJobAndPurchaseOrdersTest" name="addAndPopulateJobTest" time="0.000">
    <skipped/>
  </testcase> <!-- addAndPopulateJobTest -->
  <system-out/>
  <testcase classname="com.trax.testCases.TC_convertJobAndPurchaseOrdersTest" name="addJobTest" time="0.000">
    <skipped/>
  </testcase> <!-- addJobTest -->
  <system-out/>
</testsuite> <!-- com.trax.testCases.TC_convertJobAndPurchaseOrdersTest -->
