<!DOCTYPE html PUBLIC "-//W3C//DTD XHTML 1.1//EN" "http://www.w3.org/TR/xhtml11/DTD/xhtml11.dtd">
<html xmlns="http://www.w3.org/1999/xhtml">
<head>
<meta http-equiv="content-type" content="text/html; charset=UTF-8"/>
<title>TestNG Report</title>
<style type="text/css">table {margin-bottom:10px;border-collapse:collapse;empty-cells:show}th,td {border:1px solid #009;padding:.25em .5em}th {vertical-align:bottom}td {vertical-align:top}table a {font-weight:bold}.stripe td {background-color: #E6EBF9}.num {text-align:right}.passedodd td {background-color: #3F3}.passedeven td {background-color: #0A0}.skippedodd td {background-color: #DDD}.skippedeven td {background-color: #CCC}.failedodd td,.attn {background-color: #F33}.failedeven td,.stripe .attn {background-color: #D00}.stacktrace {white-space:pre;font-family:monospace}.totop {font-size:85%;text-align:center;border-bottom:2px solid #000}.invisible {display:none}</style>
</head>
<body>
<table>
<tr><th>Test</th><th># Passed</th><th># Skipped</th><th># Retried</th><th># Failed</th><th>Time (ms)</th><th>Included Groups</th><th>Excluded Groups</th></tr>
<tr><th colspan="8">TestV1</th></tr>
<tr><td><a href="#t0">test Test</a></td><td class="num">1</td><td class="num">0</td><td class="num">0</td><td class="num attn">2</td><td class="num">32,375</td><td></td><td></td></tr>
</table>
<table id='summary'><thead><tr><th>Class</th><th>Method</th><th>Start</th><th>Time (ms)</th></tr></thead><tbody><tr><th colspan="4">TestV1</th></tr></tbody><tbody id="t0"><tr><th colspan="4">test Test &#8212; failed</th></tr><tr class="failedeven"><td rowspan="2">com.trax.testCases.TC_LoginPassFail</td><td><a href="#m0">LoginPassFail</a></td><td rowspan="2">1628397081375</td><td rowspan="2">8760</td></tr><tr class="failedeven"><td><a href="#m1">LoginPassFail</a></td></tr><tr><th colspan="4">test Test &#8212; passed</th></tr><tr class="passedeven"><td rowspan="1">com.trax.testCases.TC_LoginPassFail</td><td><a href="#m2">LoginPassFail</a></td><td rowspan="1">1628397099669</td><td rowspan="1">8504</td></tr></tbody>
</table>
<h2>test Test</h2><h3 id="m0">com.trax.testCases.TC_LoginPassFail#LoginPassFail</h3><table class="result"><tr class="param"><th>Parameter #1</th></tr><tr class="param stripe"><td>sharma.atulkumar@gmail.com,Test@123</td></tr><tr><th>Exception</th></tr><tr><td><div class="stacktrace">java.lang.AssertionError: expected [http://automationpractice.com/index.php?controller=my-account] but found [http://automationpractice.com/index.php?controller=authentication]
	at com.trax.pageObjects.HomePage.loginUnamePwd(HomePage.java:182)
	at com.trax.testCases.TC_LoginPassFail.LoginPassFail(TC_LoginPassFail.java:29)
	at java.base/java.util.ArrayList.forEach(ArrayList.java:1540)
... Removed 32 stack frames</div></td></tr></table><p class="totop"><a href="#summary">back to summary</a></p>
<h3 id="m1">com.trax.testCases.TC_LoginPassFail#LoginPassFail</h3><table class="result"><tr class="param"><th>Parameter #1</th></tr><tr class="param stripe"><td>sharma.atulkumar29@gmail.com,Test@12</td></tr><tr><th>Exception</th></tr><tr><td><div class="stacktrace">java.lang.AssertionError: expected [http://automationpractice.com/index.php?controller=my-account] but found [http://automationpractice.com/index.php?controller=authentication]
	at com.trax.pageObjects.HomePage.loginUnamePwd(HomePage.java:182)
	at com.trax.testCases.TC_LoginPassFail.LoginPassFail(TC_LoginPassFail.java:29)
	at java.base/java.util.ArrayList.forEach(ArrayList.java:1540)
... Removed 32 stack frames</div></td></tr></table><p class="totop"><a href="#summary">back to summary</a></p>
<h3 id="m2">com.trax.testCases.TC_LoginPassFail#LoginPassFail</h3><table class="result"><tr class="param"><th>Parameter #1</th></tr><tr class="param stripe"><td>sharma.atulkumar29@gmail.com,Test@123</td></tr></table><p class="totop"><a href="#summary">back to summary</a></p>
</body>
</html>
