<!DOCTYPE html PUBLIC "-//W3C//DTD XHTML 1.1//EN" "http://www.w3.org/TR/xhtml11/DTD/xhtml11.dtd">
<html xmlns="http://www.w3.org/1999/xhtml">
<head>
<meta http-equiv="content-type" content="text/html; charset=UTF-8"/>
<title>TestNG Report</title>
<style type="text/css">table {margin-bottom:10px;border-collapse:collapse;empty-cells:show}th,td {border:1px solid #009;padding:.25em .5em}th {vertical-align:bottom}td {vertical-align:top}table a {font-weight:bold}.stripe td {background-color: #E6EBF9}.num {text-align:right}.passedodd td {background-color: #3F3}.passedeven td {background-color: #0A0}.skippedodd td {background-color: #DDD}.skippedeven td {background-color: #CCC}.failedodd td,.attn {background-color: #F33}.failedeven td,.stripe .attn {background-color: #D00}.stacktrace {white-space:pre;font-family:monospace}.totop {font-size:85%;text-align:center;border-bottom:2px solid #000}.invisible {display:none}</style>
</head>
<body>
<table>
<tr><th>Test</th><th># Passed</th><th># Skipped</th><th># Retried</th><th># Failed</th><th>Time (ms)</th><th>Included Groups</th><th>Excluded Groups</th></tr>
<tr><th colspan="8">TraxV1</th></tr>
<tr><td><a href="#t0">trax Test</a></td><td class="num">0</td><td class="num attn">14</td><td class="num">0</td><td class="num">0</td><td class="num">675</td><td></td><td></td></tr>
</table>
<table id='summary'><thead><tr><th>Class</th><th>Method</th><th>Start</th><th>Time (ms)</th></tr></thead><tbody><tr><th colspan="4">TraxV1</th></tr></tbody><tbody id="t0"><tr><th colspan="4">trax Test &#8212; failed (configuration methods)</th></tr><tr class="failedeven"><td rowspan="1">com.trax.testCases.TC_addProdToMfrTest</td><td><a href="#m0">setup</a></td><td rowspan="1">1628262622753</td><td rowspan="1">6</td></tr><tr class="failedodd"><td rowspan="1">com.trax.testCases.TC_addSupplierTest</td><td><a href="#m1">setup</a></td><td rowspan="1">1628262622737</td><td rowspan="1">12</td></tr><tr class="failedeven"><td rowspan="1">com.trax.testCases.TC_convertJobAndPurchaseOrdersTest</td><td><a href="#m2">setup</a></td><td rowspan="1">1628262622767</td><td rowspan="1">3</td></tr><tr class="failedodd"><td rowspan="1">com.trax.testCases.TC_createPurchaseOrderTest</td><td><a href="#m3">setup</a></td><td rowspan="1">1628262622467</td><td rowspan="1">195</td></tr><tr class="failedeven"><td rowspan="1">com.trax.testCases.TC_createSalesOrderwithFullInventory</td><td><a href="#m4">setup</a></td><td rowspan="1">1628262622716</td><td rowspan="1">3</td></tr><tr class="failedodd"><td rowspan="1">com.trax.testCases.TC_createSalesOrderwithPartialInventory</td><td><a href="#m5">setup</a></td><td rowspan="1">1628262622723</td><td rowspan="1">3</td></tr><tr class="failedeven"><td rowspan="1">com.trax.testCases.TC_createSalesOrderwithZeroInventory</td><td><a href="#m6">setup</a></td><td rowspan="1">1628262622730</td><td rowspan="1">3</td></tr><tr class="failedodd"><td rowspan="1">com.trax.testCases.TC_salesQuoteByPartsIDTest</td><td><a href="#m7">setup</a></td><td rowspan="1">1628262622699</td><td rowspan="1">5</td></tr><tr class="failedeven"><td rowspan="1">com.trax.testCases.TC_salesQuoteBySearchTagsTest</td><td><a href="#m8">setup</a></td><td rowspan="1">1628262622708</td><td rowspan="1">4</td></tr><tr><th colspan="4">trax Test &#8212; skipped (configuration methods)</th></tr><tr class="skippedeven"><td rowspan="1">com.trax.testCases.TC_addProdToMfrTest</td><td><a href="#m9">tearDown</a></td><td rowspan="1">1628262622766</td><td rowspan="1">-1628262622766</td></tr><tr class="skippedodd"><td rowspan="1">com.trax.testCases.TC_addSupplierTest</td><td><a href="#m10">tearDown</a></td><td rowspan="1">1628262622753</td><td rowspan="1">-1628262622753</td></tr><tr class="skippedeven"><td rowspan="1">com.trax.testCases.TC_convertJobAndPurchaseOrdersTest</td><td><a href="#m11">tearDown</a></td><td rowspan="1">1628262622785</td><td rowspan="1">-1628262622785</td></tr><tr class="skippedodd"><td rowspan="1">com.trax.testCases.TC_createPurchaseOrderTest</td><td><a href="#m12">tearDown</a></td><td rowspan="1">1628262622697</td><td rowspan="1">-1628262622697</td></tr><tr class="skippedeven"><td rowspan="1">com.trax.testCases.TC_createSalesOrderwithFullInventory</td><td><a href="#m13">tearDown</a></td><td rowspan="1">1628262622722</td><td rowspan="1">-1628262622722</td></tr><tr class="skippedodd"><td rowspan="1">com.trax.testCases.TC_createSalesOrderwithPartialInventory</td><td><a href="#m14">tearDown</a></td><td rowspan="1">1628262622729</td><td rowspan="1">-1628262622729</td></tr><tr class="skippedeven"><td rowspan="1">com.trax.testCases.TC_createSalesOrderwithZeroInventory</td><td><a href="#m15">tearDown</a></td><td rowspan="1">1628262622736</td><td rowspan="1">-1628262622736</td></tr><tr class="skippedodd"><td rowspan="1">com.trax.testCases.TC_salesQuoteByPartsIDTest</td><td><a href="#m16">tearDown</a></td><td rowspan="1">1628262622708</td><td rowspan="1">-1628262622708</td></tr><tr class="skippedeven"><td rowspan="1">com.trax.testCases.TC_salesQuoteBySearchTagsTest</td><td><a href="#m17">tearDown</a></td><td rowspan="1">1628262622715</td><td rowspan="1">-1628262622715</td></tr><tr><th colspan="4">trax Test &#8212; skipped</th></tr><tr class="skippedeven"><td rowspan="2">com.trax.testCases.TC_addProdToMfrTest</td><td><a href="#m18">addMfrTest</a></td><td rowspan="1">1628262622760</td><td rowspan="1">0</td></tr><tr class="skippedeven"><td><a href="#m19">addProdToMfrTest</a></td><td rowspan="1">1628262622763</td><td rowspan="1">0</td></tr><tr class="skippedodd"><td rowspan="1">com.trax.testCases.TC_addSupplierTest</td><td><a href="#m20">addSupplierTest</a></td><td rowspan="1">1628262622750</td><td rowspan="1">0</td></tr><tr class="skippedeven"><td rowspan="5">com.trax.testCases.TC_convertJobAndPurchaseOrdersTest</td><td><a href="#m21">addAndPopulateJobTest</a></td><td rowspan="1">1628262622774</td><td rowspan="1">0</td></tr><tr class="skippedeven"><td><a href="#m22">addJobTest</a></td><td rowspan="1">1628262622771</td><td rowspan="1">0</td></tr><tr class="skippedeven"><td><a href="#m23">convertJobAndPurchaseOrdersTest</a></td><td rowspan="1">1628262622783</td><td rowspan="1">0</td></tr><tr class="skippedeven"><td><a href="#m24">convertJobAndSubmittalTest</a></td><td rowspan="1">1628262622781</td><td rowspan="1">0</td></tr><tr class="skippedeven"><td><a href="#m25">convertJobTest</a></td><td rowspan="1">1628262622778</td><td rowspan="1">0</td></tr><tr class="skippedodd"><td rowspan="1">com.trax.testCases.TC_createPurchaseOrderTest</td><td><a href="#m26">createPurchaseOrderTest</a></td><td rowspan="1">1628262622678</td><td rowspan="1">0</td></tr><tr class="skippedeven"><td rowspan="1">com.trax.testCases.TC_createSalesOrderwithFullInventory</td><td><a href="#m27">createSalesOrderwithFullInventory</a></td><td rowspan="1">1628262622719</td><td rowspan="1">0</td></tr><tr class="skippedodd"><td rowspan="1">com.trax.testCases.TC_createSalesOrderwithPartialInventory</td><td><a href="#m28">createSalesOrderwithPartialInventory</a></td><td rowspan="1">1628262622727</td><td rowspan="1">0</td></tr><tr class="skippedeven"><td rowspan="1">com.trax.testCases.TC_createSalesOrderwithZeroInventory</td><td><a href="#m29">createSalesOrderwithZeroInventory</a></td><td rowspan="1">1628262622734</td><td rowspan="1">0</td></tr><tr class="skippedodd"><td rowspan="1">com.trax.testCases.TC_salesQuoteByPartsIDTest</td><td><a href="#m30">salesQuoteByPartsIDTest</a></td><td rowspan="1">1628262622705</td><td rowspan="1">0</td></tr><tr class="skippedeven"><td rowspan="1">com.trax.testCases.TC_salesQuoteBySearchTagsTest</td><td><a href="#m31">salesQuoteBySearchTagsTest</a></td><td rowspan="1">1628262622713</td><td rowspan="1">0</td></tr></tbody>
</table>
<h2>trax Test</h2><h3 id="m0">com.trax.testCases.TC_addProdToMfrTest#setup</h3><table class="result"><tr class="param"><th>Parameter #1</th></tr><tr class="param stripe"><td>chromeLinux</td></tr><tr><th>Exception</th></tr><tr><td><div class="stacktrace">java.lang.RuntimeException: Unable to find a free port
	at org.openqa.selenium.net.PortProber.findFreePort(PortProber.java:67)
	at org.openqa.selenium.remote.service.DriverService$Builder.build(DriverService.java:342)
	at org.openqa.selenium.chrome.ChromeDriverService.createDefaultService(ChromeDriverService.java:91)
	at org.openqa.selenium.chrome.ChromeDriver.&lt;init&gt;(ChromeDriver.java:157)
	at com.trax.pageObjects.BaseClass.setup(BaseClass.java:145)
	at java.base/java.util.ArrayList.forEach(ArrayList.java:1541)
... Removed 29 stack frames</div></td></tr></table><p class="totop"><a href="#summary">back to summary</a></p>
<h3 id="m1">com.trax.testCases.TC_addSupplierTest#setup</h3><table class="result"><tr class="param"><th>Parameter #1</th></tr><tr class="param stripe"><td>chromeLinux</td></tr><tr><th>Exception</th></tr><tr><td><div class="stacktrace">java.lang.RuntimeException: Unable to find a free port
	at org.openqa.selenium.net.PortProber.findFreePort(PortProber.java:67)
	at org.openqa.selenium.remote.service.DriverService$Builder.build(DriverService.java:342)
	at org.openqa.selenium.chrome.ChromeDriverService.createDefaultService(ChromeDriverService.java:91)
	at org.openqa.selenium.chrome.ChromeDriver.&lt;init&gt;(ChromeDriver.java:157)
	at com.trax.pageObjects.BaseClass.setup(BaseClass.java:145)
	at java.base/java.util.ArrayList.forEach(ArrayList.java:1541)
... Removed 29 stack frames</div></td></tr></table><p class="totop"><a href="#summary">back to summary</a></p>
<h3 id="m2">com.trax.testCases.TC_convertJobAndPurchaseOrdersTest#setup</h3><table class="result"><tr class="param"><th>Parameter #1</th></tr><tr class="param stripe"><td>chromeLinux</td></tr><tr><th>Exception</th></tr><tr><td><div class="stacktrace">java.lang.RuntimeException: Unable to find a free port
	at org.openqa.selenium.net.PortProber.findFreePort(PortProber.java:67)
	at org.openqa.selenium.remote.service.DriverService$Builder.build(DriverService.java:342)
	at org.openqa.selenium.chrome.ChromeDriverService.createDefaultService(ChromeDriverService.java:91)
	at org.openqa.selenium.chrome.ChromeDriver.&lt;init&gt;(ChromeDriver.java:157)
	at com.trax.pageObjects.BaseClass.setup(BaseClass.java:145)
	at java.base/java.util.ArrayList.forEach(ArrayList.java:1541)
... Removed 29 stack frames</div></td></tr></table><p class="totop"><a href="#summary">back to summary</a></p>
<h3 id="m3">com.trax.testCases.TC_createPurchaseOrderTest#setup</h3><table class="result"><tr class="param"><th>Parameter #1</th></tr><tr class="param stripe"><td>chromeLinux</td></tr><tr><th>Exception</th></tr><tr><td><div class="stacktrace">java.lang.RuntimeException: Unable to find a free port
	at org.openqa.selenium.net.PortProber.findFreePort(PortProber.java:67)
	at org.openqa.selenium.remote.service.DriverService$Builder.build(DriverService.java:342)
	at org.openqa.selenium.chrome.ChromeDriverService.createDefaultService(ChromeDriverService.java:91)
	at org.openqa.selenium.chrome.ChromeDriver.&lt;init&gt;(ChromeDriver.java:157)
	at com.trax.pageObjects.BaseClass.setup(BaseClass.java:145)
	at java.base/java.util.ArrayList.forEach(ArrayList.java:1541)
... Removed 29 stack frames</div></td></tr></table><p class="totop"><a href="#summary">back to summary</a></p>
<h3 id="m4">com.trax.testCases.TC_createSalesOrderwithFullInventory#setup</h3><table class="result"><tr class="param"><th>Parameter #1</th></tr><tr class="param stripe"><td>chromeLinux</td></tr><tr><th>Exception</th></tr><tr><td><div class="stacktrace">java.lang.RuntimeException: Unable to find a free port
	at org.openqa.selenium.net.PortProber.findFreePort(PortProber.java:67)
	at org.openqa.selenium.remote.service.DriverService$Builder.build(DriverService.java:342)
	at org.openqa.selenium.chrome.ChromeDriverService.createDefaultService(ChromeDriverService.java:91)
	at org.openqa.selenium.chrome.ChromeDriver.&lt;init&gt;(ChromeDriver.java:157)
	at com.trax.pageObjects.BaseClass.setup(BaseClass.java:145)
	at java.base/java.util.ArrayList.forEach(ArrayList.java:1541)
... Removed 29 stack frames</div></td></tr></table><p class="totop"><a href="#summary">back to summary</a></p>
<h3 id="m5">com.trax.testCases.TC_createSalesOrderwithPartialInventory#setup</h3><table class="result"><tr class="param"><th>Parameter #1</th></tr><tr class="param stripe"><td>chromeLinux</td></tr><tr><th>Exception</th></tr><tr><td><div class="stacktrace">java.lang.RuntimeException: Unable to find a free port
	at org.openqa.selenium.net.PortProber.findFreePort(PortProber.java:67)
	at org.openqa.selenium.remote.service.DriverService$Builder.build(DriverService.java:342)
	at org.openqa.selenium.chrome.ChromeDriverService.createDefaultService(ChromeDriverService.java:91)
	at org.openqa.selenium.chrome.ChromeDriver.&lt;init&gt;(ChromeDriver.java:157)
	at com.trax.pageObjects.BaseClass.setup(BaseClass.java:145)
	at java.base/java.util.ArrayList.forEach(ArrayList.java:1541)
... Removed 29 stack frames</div></td></tr></table><p class="totop"><a href="#summary">back to summary</a></p>
<h3 id="m6">com.trax.testCases.TC_createSalesOrderwithZeroInventory#setup</h3><table class="result"><tr class="param"><th>Parameter #1</th></tr><tr class="param stripe"><td>chromeLinux</td></tr><tr><th>Exception</th></tr><tr><td><div class="stacktrace">java.lang.RuntimeException: Unable to find a free port
	at org.openqa.selenium.net.PortProber.findFreePort(PortProber.java:67)
	at org.openqa.selenium.remote.service.DriverService$Builder.build(DriverService.java:342)
	at org.openqa.selenium.chrome.ChromeDriverService.createDefaultService(ChromeDriverService.java:91)
	at org.openqa.selenium.chrome.ChromeDriver.&lt;init&gt;(ChromeDriver.java:157)
	at com.trax.pageObjects.BaseClass.setup(BaseClass.java:145)
	at java.base/java.util.ArrayList.forEach(ArrayList.java:1541)
... Removed 29 stack frames</div></td></tr></table><p class="totop"><a href="#summary">back to summary</a></p>
<h3 id="m7">com.trax.testCases.TC_salesQuoteByPartsIDTest#setup</h3><table class="result"><tr class="param"><th>Parameter #1</th></tr><tr class="param stripe"><td>chromeLinux</td></tr><tr><th>Exception</th></tr><tr><td><div class="stacktrace">java.lang.RuntimeException: Unable to find a free port
	at org.openqa.selenium.net.PortProber.findFreePort(PortProber.java:67)
	at org.openqa.selenium.remote.service.DriverService$Builder.build(DriverService.java:342)
	at org.openqa.selenium.chrome.ChromeDriverService.createDefaultService(ChromeDriverService.java:91)
	at org.openqa.selenium.chrome.ChromeDriver.&lt;init&gt;(ChromeDriver.java:157)
	at com.trax.pageObjects.BaseClass.setup(BaseClass.java:145)
	at java.base/java.util.ArrayList.forEach(ArrayList.java:1541)
... Removed 29 stack frames</div></td></tr></table><p class="totop"><a href="#summary">back to summary</a></p>
<h3 id="m8">com.trax.testCases.TC_salesQuoteBySearchTagsTest#setup</h3><table class="result"><tr class="param"><th>Parameter #1</th></tr><tr class="param stripe"><td>chromeLinux</td></tr><tr><th>Exception</th></tr><tr><td><div class="stacktrace">java.lang.RuntimeException: Unable to find a free port
	at org.openqa.selenium.net.PortProber.findFreePort(PortProber.java:67)
	at org.openqa.selenium.remote.service.DriverService$Builder.build(DriverService.java:342)
	at org.openqa.selenium.chrome.ChromeDriverService.createDefaultService(ChromeDriverService.java:91)
	at org.openqa.selenium.chrome.ChromeDriver.&lt;init&gt;(ChromeDriver.java:157)
	at com.trax.pageObjects.BaseClass.setup(BaseClass.java:145)
	at java.base/java.util.ArrayList.forEach(ArrayList.java:1541)
... Removed 29 stack frames</div></td></tr></table><p class="totop"><a href="#summary">back to summary</a></p>
<h3 id="m9">com.trax.testCases.TC_addProdToMfrTest#tearDown</h3><table class="result"><tr><th class="invisible"/></tr></table><p class="totop"><a href="#summary">back to summary</a></p>
<h3 id="m10">com.trax.testCases.TC_addSupplierTest#tearDown</h3><table class="result"><tr><th class="invisible"/></tr></table><p class="totop"><a href="#summary">back to summary</a></p>
<h3 id="m11">com.trax.testCases.TC_convertJobAndPurchaseOrdersTest#tearDown</h3><table class="result"><tr><th class="invisible"/></tr></table><p class="totop"><a href="#summary">back to summary</a></p>
<h3 id="m12">com.trax.testCases.TC_createPurchaseOrderTest#tearDown</h3><table class="result"><tr><th class="invisible"/></tr></table><p class="totop"><a href="#summary">back to summary</a></p>
<h3 id="m13">com.trax.testCases.TC_createSalesOrderwithFullInventory#tearDown</h3><table class="result"><tr><th class="invisible"/></tr></table><p class="totop"><a href="#summary">back to summary</a></p>
<h3 id="m14">com.trax.testCases.TC_createSalesOrderwithPartialInventory#tearDown</h3><table class="result"><tr><th class="invisible"/></tr></table><p class="totop"><a href="#summary">back to summary</a></p>
<h3 id="m15">com.trax.testCases.TC_createSalesOrderwithZeroInventory#tearDown</h3><table class="result"><tr><th class="invisible"/></tr></table><p class="totop"><a href="#summary">back to summary</a></p>
<h3 id="m16">com.trax.testCases.TC_salesQuoteByPartsIDTest#tearDown</h3><table class="result"><tr><th class="invisible"/></tr></table><p class="totop"><a href="#summary">back to summary</a></p>
<h3 id="m17">com.trax.testCases.TC_salesQuoteBySearchTagsTest#tearDown</h3><table class="result"><tr><th class="invisible"/></tr></table><p class="totop"><a href="#summary">back to summary</a></p>
<h3 id="m18">com.trax.testCases.TC_addProdToMfrTest#addMfrTest</h3><table class="result"><tr><th>Exception</th></tr><tr><td><div class="stacktrace">java.lang.RuntimeException: Unable to find a free port
	at org.openqa.selenium.net.PortProber.findFreePort(PortProber.java:67)
	at org.openqa.selenium.remote.service.DriverService$Builder.build(DriverService.java:342)
	at org.openqa.selenium.chrome.ChromeDriverService.createDefaultService(ChromeDriverService.java:91)
	at org.openqa.selenium.chrome.ChromeDriver.&lt;init&gt;(ChromeDriver.java:157)
	at com.trax.pageObjects.BaseClass.setup(BaseClass.java:145)
	at java.base/java.util.ArrayList.forEach(ArrayList.java:1541)
... Removed 29 stack frames</div></td></tr></table><p class="totop"><a href="#summary">back to summary</a></p>
<h3 id="m19">com.trax.testCases.TC_addProdToMfrTest#addProdToMfrTest</h3><table class="result"><tr><th>Exception</th></tr><tr><td><div class="stacktrace">java.lang.RuntimeException: Unable to find a free port
	at org.openqa.selenium.net.PortProber.findFreePort(PortProber.java:67)
	at org.openqa.selenium.remote.service.DriverService$Builder.build(DriverService.java:342)
	at org.openqa.selenium.chrome.ChromeDriverService.createDefaultService(ChromeDriverService.java:91)
	at org.openqa.selenium.chrome.ChromeDriver.&lt;init&gt;(ChromeDriver.java:157)
	at com.trax.pageObjects.BaseClass.setup(BaseClass.java:145)
	at java.base/java.util.ArrayList.forEach(ArrayList.java:1541)
... Removed 29 stack frames</div></td></tr></table><p class="totop"><a href="#summary">back to summary</a></p>
<h3 id="m20">com.trax.testCases.TC_addSupplierTest#addSupplierTest</h3><table class="result"><tr><th>Exception</th></tr><tr><td><div class="stacktrace">java.lang.RuntimeException: Unable to find a free port
	at org.openqa.selenium.net.PortProber.findFreePort(PortProber.java:67)
	at org.openqa.selenium.remote.service.DriverService$Builder.build(DriverService.java:342)
	at org.openqa.selenium.chrome.ChromeDriverService.createDefaultService(ChromeDriverService.java:91)
	at org.openqa.selenium.chrome.ChromeDriver.&lt;init&gt;(ChromeDriver.java:157)
	at com.trax.pageObjects.BaseClass.setup(BaseClass.java:145)
	at java.base/java.util.ArrayList.forEach(ArrayList.java:1541)
... Removed 29 stack frames</div></td></tr></table><p class="totop"><a href="#summary">back to summary</a></p>
<h3 id="m21">com.trax.testCases.TC_convertJobAndPurchaseOrdersTest#addAndPopulateJobTest</h3><table class="result"><tr><th>Exception</th></tr><tr><td><div class="stacktrace">java.lang.RuntimeException: Unable to find a free port
	at org.openqa.selenium.net.PortProber.findFreePort(PortProber.java:67)
	at org.openqa.selenium.remote.service.DriverService$Builder.build(DriverService.java:342)
	at org.openqa.selenium.chrome.ChromeDriverService.createDefaultService(ChromeDriverService.java:91)
	at org.openqa.selenium.chrome.ChromeDriver.&lt;init&gt;(ChromeDriver.java:157)
	at com.trax.pageObjects.BaseClass.setup(BaseClass.java:145)
	at java.base/java.util.ArrayList.forEach(ArrayList.java:1541)
... Removed 29 stack frames</div></td></tr></table><p class="totop"><a href="#summary">back to summary</a></p>
<h3 id="m22">com.trax.testCases.TC_convertJobAndPurchaseOrdersTest#addJobTest</h3><table class="result"><tr><th>Exception</th></tr><tr><td><div class="stacktrace">java.lang.RuntimeException: Unable to find a free port
	at org.openqa.selenium.net.PortProber.findFreePort(PortProber.java:67)
	at org.openqa.selenium.remote.service.DriverService$Builder.build(DriverService.java:342)
	at org.openqa.selenium.chrome.ChromeDriverService.createDefaultService(ChromeDriverService.java:91)
	at org.openqa.selenium.chrome.ChromeDriver.&lt;init&gt;(ChromeDriver.java:157)
	at com.trax.pageObjects.BaseClass.setup(BaseClass.java:145)
	at java.base/java.util.ArrayList.forEach(ArrayList.java:1541)
... Removed 29 stack frames</div></td></tr></table><p class="totop"><a href="#summary">back to summary</a></p>
<h3 id="m23">com.trax.testCases.TC_convertJobAndPurchaseOrdersTest#convertJobAndPurchaseOrdersTest</h3><table class="result"><tr><th>Exception</th></tr><tr><td><div class="stacktrace">java.lang.RuntimeException: Unable to find a free port
	at org.openqa.selenium.net.PortProber.findFreePort(PortProber.java:67)
	at org.openqa.selenium.remote.service.DriverService$Builder.build(DriverService.java:342)
	at org.openqa.selenium.chrome.ChromeDriverService.createDefaultService(ChromeDriverService.java:91)
	at org.openqa.selenium.chrome.ChromeDriver.&lt;init&gt;(ChromeDriver.java:157)
	at com.trax.pageObjects.BaseClass.setup(BaseClass.java:145)
	at java.base/java.util.ArrayList.forEach(ArrayList.java:1541)
... Removed 29 stack frames</div></td></tr></table><p class="totop"><a href="#summary">back to summary</a></p>
<h3 id="m24">com.trax.testCases.TC_convertJobAndPurchaseOrdersTest#convertJobAndSubmittalTest</h3><table class="result"><tr><th>Exception</th></tr><tr><td><div class="stacktrace">java.lang.RuntimeException: Unable to find a free port
	at org.openqa.selenium.net.PortProber.findFreePort(PortProber.java:67)
	at org.openqa.selenium.remote.service.DriverService$Builder.build(DriverService.java:342)
	at org.openqa.selenium.chrome.ChromeDriverService.createDefaultService(ChromeDriverService.java:91)
	at org.openqa.selenium.chrome.ChromeDriver.&lt;init&gt;(ChromeDriver.java:157)
	at com.trax.pageObjects.BaseClass.setup(BaseClass.java:145)
	at java.base/java.util.ArrayList.forEach(ArrayList.java:1541)
... Removed 29 stack frames</div></td></tr></table><p class="totop"><a href="#summary">back to summary</a></p>
<h3 id="m25">com.trax.testCases.TC_convertJobAndPurchaseOrdersTest#convertJobTest</h3><table class="result"><tr><th>Exception</th></tr><tr><td><div class="stacktrace">java.lang.RuntimeException: Unable to find a free port
	at org.openqa.selenium.net.PortProber.findFreePort(PortProber.java:67)
	at org.openqa.selenium.remote.service.DriverService$Builder.build(DriverService.java:342)
	at org.openqa.selenium.chrome.ChromeDriverService.createDefaultService(ChromeDriverService.java:91)
	at org.openqa.selenium.chrome.ChromeDriver.&lt;init&gt;(ChromeDriver.java:157)
	at com.trax.pageObjects.BaseClass.setup(BaseClass.java:145)
	at java.base/java.util.ArrayList.forEach(ArrayList.java:1541)
... Removed 29 stack frames</div></td></tr></table><p class="totop"><a href="#summary">back to summary</a></p>
<h3 id="m26">com.trax.testCases.TC_createPurchaseOrderTest#createPurchaseOrderTest</h3><table class="result"><tr><th>Exception</th></tr><tr><td><div class="stacktrace">java.lang.RuntimeException: Unable to find a free port
	at org.openqa.selenium.net.PortProber.findFreePort(PortProber.java:67)
	at org.openqa.selenium.remote.service.DriverService$Builder.build(DriverService.java:342)
	at org.openqa.selenium.chrome.ChromeDriverService.createDefaultService(ChromeDriverService.java:91)
	at org.openqa.selenium.chrome.ChromeDriver.&lt;init&gt;(ChromeDriver.java:157)
	at com.trax.pageObjects.BaseClass.setup(BaseClass.java:145)
	at java.base/java.util.ArrayList.forEach(ArrayList.java:1541)
... Removed 29 stack frames</div></td></tr></table><p class="totop"><a href="#summary">back to summary</a></p>
<h3 id="m27">com.trax.testCases.TC_createSalesOrderwithFullInventory#createSalesOrderwithFullInventory</h3><table class="result"><tr><th>Exception</th></tr><tr><td><div class="stacktrace">java.lang.RuntimeException: Unable to find a free port
	at org.openqa.selenium.net.PortProber.findFreePort(PortProber.java:67)
	at org.openqa.selenium.remote.service.DriverService$Builder.build(DriverService.java:342)
	at org.openqa.selenium.chrome.ChromeDriverService.createDefaultService(ChromeDriverService.java:91)
	at org.openqa.selenium.chrome.ChromeDriver.&lt;init&gt;(ChromeDriver.java:157)
	at com.trax.pageObjects.BaseClass.setup(BaseClass.java:145)
	at java.base/java.util.ArrayList.forEach(ArrayList.java:1541)
... Removed 29 stack frames</div></td></tr></table><p class="totop"><a href="#summary">back to summary</a></p>
<h3 id="m28">com.trax.testCases.TC_createSalesOrderwithPartialInventory#createSalesOrderwithPartialInventory</h3><table class="result"><tr><th>Exception</th></tr><tr><td><div class="stacktrace">java.lang.RuntimeException: Unable to find a free port
	at org.openqa.selenium.net.PortProber.findFreePort(PortProber.java:67)
	at org.openqa.selenium.remote.service.DriverService$Builder.build(DriverService.java:342)
	at org.openqa.selenium.chrome.ChromeDriverService.createDefaultService(ChromeDriverService.java:91)
	at org.openqa.selenium.chrome.ChromeDriver.&lt;init&gt;(ChromeDriver.java:157)
	at com.trax.pageObjects.BaseClass.setup(BaseClass.java:145)
	at java.base/java.util.ArrayList.forEach(ArrayList.java:1541)
... Removed 29 stack frames</div></td></tr></table><p class="totop"><a href="#summary">back to summary</a></p>
<h3 id="m29">com.trax.testCases.TC_createSalesOrderwithZeroInventory#createSalesOrderwithZeroInventory</h3><table class="result"><tr><th>Exception</th></tr><tr><td><div class="stacktrace">java.lang.RuntimeException: Unable to find a free port
	at org.openqa.selenium.net.PortProber.findFreePort(PortProber.java:67)
	at org.openqa.selenium.remote.service.DriverService$Builder.build(DriverService.java:342)
	at org.openqa.selenium.chrome.ChromeDriverService.createDefaultService(ChromeDriverService.java:91)
	at org.openqa.selenium.chrome.ChromeDriver.&lt;init&gt;(ChromeDriver.java:157)
	at com.trax.pageObjects.BaseClass.setup(BaseClass.java:145)
	at java.base/java.util.ArrayList.forEach(ArrayList.java:1541)
... Removed 29 stack frames</div></td></tr></table><p class="totop"><a href="#summary">back to summary</a></p>
<h3 id="m30">com.trax.testCases.TC_salesQuoteByPartsIDTest#salesQuoteByPartsIDTest</h3><table class="result"><tr><th>Exception</th></tr><tr><td><div class="stacktrace">java.lang.RuntimeException: Unable to find a free port
	at org.openqa.selenium.net.PortProber.findFreePort(PortProber.java:67)
	at org.openqa.selenium.remote.service.DriverService$Builder.build(DriverService.java:342)
	at org.openqa.selenium.chrome.ChromeDriverService.createDefaultService(ChromeDriverService.java:91)
	at org.openqa.selenium.chrome.ChromeDriver.&lt;init&gt;(ChromeDriver.java:157)
	at com.trax.pageObjects.BaseClass.setup(BaseClass.java:145)
	at java.base/java.util.ArrayList.forEach(ArrayList.java:1541)
... Removed 29 stack frames</div></td></tr></table><p class="totop"><a href="#summary">back to summary</a></p>
<h3 id="m31">com.trax.testCases.TC_salesQuoteBySearchTagsTest#salesQuoteBySearchTagsTest</h3><table class="result"><tr><th>Exception</th></tr><tr><td><div class="stacktrace">java.lang.RuntimeException: Unable to find a free port
	at org.openqa.selenium.net.PortProber.findFreePort(PortProber.java:67)
	at org.openqa.selenium.remote.service.DriverService$Builder.build(DriverService.java:342)
	at org.openqa.selenium.chrome.ChromeDriverService.createDefaultService(ChromeDriverService.java:91)
	at org.openqa.selenium.chrome.ChromeDriver.&lt;init&gt;(ChromeDriver.java:157)
	at com.trax.pageObjects.BaseClass.setup(BaseClass.java:145)
	at java.base/java.util.ArrayList.forEach(ArrayList.java:1541)
... Removed 29 stack frames</div></td></tr></table><p class="totop"><a href="#summary">back to summary</a></p>
</body>
</html>
